{'timestamp': '2026-04-25T20:17:32.077394', 'user': 'test_agent', 'action': 'reset_environment', 'endpoint': '/reset', 'method': 'POST', 'status_code': 200, 'details': {'episode_id': 'ep_123'}}
{'timestamp': '2026-04-25T20:17:32.080716', 'user': 'user1', 'action': 'reset', 'endpoint': '/reset', 'method': 'POST', 'status_code': 200, 'details': {}}
{'timestamp': '2026-04-25T20:17:32.081144', 'user': 'user2', 'action': 'step', 'endpoint': '/step', 'method': 'POST', 'status_code': 200, 'details': {}}
{'timestamp': '2026-04-25T20:17:32.081468', 'user': 'user1', 'action': 'state', 'endpoint': '/state', 'method': 'GET', 'status_code': 200, 'details': {}}
{'timestamp': '2026-04-25T20:17:32.085183', 'user': 'user0', 'action': 'action0', 'endpoint': '/endpoint0', 'method': 'POST', 'status_code': 200, 'details': {}}
{'timestamp': '2026-04-25T20:17:32.085567', 'user': 'user1', 'action': 'action1', 'endpoint': '/endpoint1', 'method': 'POST', 'status_code': 200, 'details': {}}
{'timestamp': '2026-04-25T20:17:32.086000', 'user': 'user2', 'action': 'action2', 'endpoint': '/endpoint2', 'method': 'POST', 'status_code': 200, 'details': {}}
{'timestamp': '2026-04-25T20:17:32.086339', 'user': 'user3', 'action': 'action3', 'endpoint': '/endpoint3', 'method': 'POST', 'status_code': 200, 'details': {}}
{'timestamp': '2026-04-25T20:17:32.086887', 'user': 'user4', 'action': 'action4', 'endpoint': '/endpoint4', 'method': 'POST', 'status_code': 200, 'details': {}}
{'timestamp': '2026-04-25T20:18:14.283033', 'user': 'test_agent', 'action': 'reset_environment', 'endpoint': '/reset', 'method': 'POST', 'status_code': 200, 'details': {'episode_id': 'ep_123'}}
{'timestamp': '2026-04-25T20:18:14.284070', 'user': 'user1', 'action': 'reset', 'endpoint': '/reset', 'method': 'POST', 'status_code': 200, 'details': {}}
{'timestamp': '2026-04-25T20:18:14.284070', 'user': 'user2', 'action': 'step', 'endpoint': '/step', 'method': 'POST', 'status_code': 200, 'details': {}}
{'timestamp': '2026-04-25T20:18:14.286776', 'user': 'user1', 'action': 'state', 'endpoint': '/state', 'method': 'GET', 'status_code': 200, 'details': {}}
{'timestamp': '2026-04-25T20:18:14.286776', 'user': 'user0', 'action': 'action0', 'endpoint': '/endpoint0', 'method': 'POST', 'status_code': 200, 'details': {}}
{'timestamp': '2026-04-25T20:18:14.286776', 'user': 'user1', 'action': 'action1', 'endpoint': '/endpoint1', 'method': 'POST', 'status_code': 200, 'details': {}}
{'timestamp': '2026-04-25T20:18:14.290181', 'user': 'user2', 'action': 'action2', 'endpoint': '/endpoint2', 'method': 'POST', 'status_code': 200, 'details': {}}
{'timestamp': '2026-04-25T20:18:14.290181', 'user': 'user3', 'action': 'action3', 'endpoint': '/endpoint3', 'method': 'POST', 'status_code': 200, 'details': {}}
{'timestamp': '2026-04-25T20:18:14.290181', 'user': 'user4', 'action': 'action4', 'endpoint': '/endpoint4', 'method': 'POST', 'status_code': 200, 'details': {}}
{'timestamp': '2026-04-25T20:25:59.861719', 'user': 'test_agent', 'action': 'reset_environment', 'endpoint': '/reset', 'method': 'POST', 'status_code': 200, 'details': {'episode_id': 'ep_123'}}
{'timestamp': '2026-04-25T20:25:59.866847', 'user': 'user1', 'action': 'reset', 'endpoint': '/reset', 'method': 'POST', 'status_code': 200, 'details': {}}
{'timestamp': '2026-04-25T20:25:59.866847', 'user': 'user2', 'action': 'step', 'endpoint': '/step', 'method': 'POST', 'status_code': 200, 'details': {}}
{'timestamp': '2026-04-25T20:25:59.866847', 'user': 'user1', 'action': 'state', 'endpoint': '/state', 'method': 'GET', 'status_code': 200, 'details': {}}
{'timestamp': '2026-04-25T20:25:59.868855', 'user': 'user0', 'action': 'action0', 'endpoint': '/endpoint0', 'method': 'POST', 'status_code': 200, 'details': {}}
{'timestamp': '2026-04-25T20:25:59.868855', 'user': 'user1', 'action': 'action1', 'endpoint': '/endpoint1', 'method': 'POST', 'status_code': 200, 'details': {}}
{'timestamp': '2026-04-25T20:25:59.868855', 'user': 'user2', 'action': 'action2', 'endpoint': '/endpoint2', 'method': 'POST', 'status_code': 200, 'details': {}}
{'timestamp': '2026-04-25T20:25:59.868855', 'user': 'user3', 'action': 'action3', 'endpoint': '/endpoint3', 'method': 'POST', 'status_code': 200, 'details': {}}
{'timestamp': '2026-04-25T20:25:59.870863', 'user': 'user4', 'action': 'action4', 'endpoint': '/endpoint4', 'method': 'POST', 'status_code': 200, 'details': {}}
{'timestamp': '2026-04-25T20:26:16.812954', 'user': 'test_agent', 'action': 'reset_environment', 'endpoint': '/reset', 'method': 'POST', 'status_code': 200, 'details': {'episode_id': 'ep_123'}}
{'timestamp': '2026-04-25T20:26:16.817040', 'user': 'user1', 'action': 'reset', 'endpoint': '/reset', 'method': 'POST', 'status_code': 200, 'details': {}}
{'timestamp': '2026-04-25T20:26:16.823224', 'user': 'user2', 'action': 'step', 'endpoint': '/step', 'method': 'POST', 'status_code': 200, 'details': {}}
{'timestamp': '2026-04-25T20:26:16.823224', 'user': 'user1', 'action': 'state', 'endpoint': '/state', 'method': 'GET', 'status_code': 200, 'details': {}}
{'timestamp': '2026-04-25T20:26:16.827247', 'user': 'user0', 'action': 'action0', 'endpoint': '/endpoint0', 'method': 'POST', 'status_code': 200, 'details': {}}
{'timestamp': '2026-04-25T20:26:16.827247', 'user': 'user1', 'action': 'action1', 'endpoint': '/endpoint1', 'method': 'POST', 'status_code': 200, 'details': {}}
{'timestamp': '2026-04-25T20:26:16.829788', 'user': 'user2', 'action': 'action2', 'endpoint': '/endpoint2', 'method': 'POST', 'status_code': 200, 'details': {}}
{'timestamp': '2026-04-25T20:26:16.829788', 'user': 'user3', 'action': 'action3', 'endpoint': '/endpoint3', 'method': 'POST', 'status_code': 200, 'details': {}}
{'timestamp': '2026-04-25T20:26:16.829788', 'user': 'user4', 'action': 'action4', 'endpoint': '/endpoint4', 'method': 'POST', 'status_code': 200, 'details': {}}
{'timestamp': '2026-04-25T20:39:59.735325', 'user': 'test_agent', 'action': 'reset_environment', 'endpoint': '/reset', 'method': 'POST', 'status_code': 200, 'details': {'episode_id': 'ep_123'}}
{'timestamp': '2026-04-25T20:39:59.737296', 'user': 'user1', 'action': 'reset', 'endpoint': '/reset', 'method': 'POST', 'status_code': 200, 'details': {}}
{'timestamp': '2026-04-25T20:39:59.737685', 'user': 'user2', 'action': 'step', 'endpoint': '/step', 'method': 'POST', 'status_code': 200, 'details': {}}
{'timestamp': '2026-04-25T20:39:59.738073', 'user': 'user1', 'action': 'state', 'endpoint': '/state', 'method': 'GET', 'status_code': 200, 'details': {}}
{'timestamp': '2026-04-25T20:39:59.740515', 'user': 'user0', 'action': 'action0', 'endpoint': '/endpoint0', 'method': 'POST', 'status_code': 200, 'details': {}}
{'timestamp': '2026-04-25T20:39:59.740905', 'user': 'user1', 'action': 'action1', 'endpoint': '/endpoint1', 'method': 'POST', 'status_code': 200, 'details': {}}
{'timestamp': '2026-04-25T20:39:59.741503', 'user': 'user2', 'action': 'action2', 'endpoint': '/endpoint2', 'method': 'POST', 'status_code': 200, 'details': {}}
{'timestamp': '2026-04-25T20:39:59.741888', 'user': 'user3', 'action': 'action3', 'endpoint': '/endpoint3', 'method': 'POST', 'status_code': 200, 'details': {}}
{'timestamp': '2026-04-25T20:39:59.742387', 'user': 'user4', 'action': 'action4', 'endpoint': '/endpoint4', 'method': 'POST', 'status_code': 200, 'details': {}}
