{'timestamp': '2026-04-26T07:42:01.653787', 'user': 'test_agent', 'action': 'reset_environment', 'endpoint': '/reset', 'method': 'POST', 'status_code': 200, 'details': {'episode_id': 'ep_123'}}
{'timestamp': '2026-04-26T07:42:01.659893', 'user': 'user1', 'action': 'reset', 'endpoint': '/reset', 'method': 'POST', 'status_code': 200, 'details': {}}
{'timestamp': '2026-04-26T07:42:01.659893', 'user': 'user2', 'action': 'step', 'endpoint': '/step', 'method': 'POST', 'status_code': 200, 'details': {}}
{'timestamp': '2026-04-26T07:42:01.659893', 'user': 'user1', 'action': 'state', 'endpoint': '/state', 'method': 'GET', 'status_code': 200, 'details': {}}
{'timestamp': '2026-04-26T07:42:01.664123', 'user': 'user0', 'action': 'action0', 'endpoint': '/endpoint0', 'method': 'POST', 'status_code': 200, 'details': {}}
{'timestamp': '2026-04-26T07:42:01.664123', 'user': 'user1', 'action': 'action1', 'endpoint': '/endpoint1', 'method': 'POST', 'status_code': 200, 'details': {}}
{'timestamp': '2026-04-26T07:42:01.664123', 'user': 'user2', 'action': 'action2', 'endpoint': '/endpoint2', 'method': 'POST', 'status_code': 200, 'details': {}}
{'timestamp': '2026-04-26T07:42:01.664123', 'user': 'user3', 'action': 'action3', 'endpoint': '/endpoint3', 'method': 'POST', 'status_code': 200, 'details': {}}
{'timestamp': '2026-04-26T07:42:01.664123', 'user': 'user4', 'action': 'action4', 'endpoint': '/endpoint4', 'method': 'POST', 'status_code': 200, 'details': {}}
{'timestamp': '2026-04-26T07:43:51.311718', 'user': 'test_agent', 'action': 'reset_environment', 'endpoint': '/reset', 'method': 'POST', 'status_code': 200, 'details': {'episode_id': 'ep_123'}}
{'timestamp': '2026-04-26T07:43:51.318420', 'user': 'user1', 'action': 'reset', 'endpoint': '/reset', 'method': 'POST', 'status_code': 200, 'details': {}}
{'timestamp': '2026-04-26T07:43:51.318420', 'user': 'user2', 'action': 'step', 'endpoint': '/step', 'method': 'POST', 'status_code': 200, 'details': {}}
{'timestamp': '2026-04-26T07:43:51.318420', 'user': 'user1', 'action': 'state', 'endpoint': '/state', 'method': 'GET', 'status_code': 200, 'details': {}}
{'timestamp': '2026-04-26T07:43:51.320232', 'user': 'user0', 'action': 'action0', 'endpoint': '/endpoint0', 'method': 'POST', 'status_code': 200, 'details': {}}
{'timestamp': '2026-04-26T07:43:51.320232', 'user': 'user1', 'action': 'action1', 'endpoint': '/endpoint1', 'method': 'POST', 'status_code': 200, 'details': {}}
{'timestamp': '2026-04-26T07:43:51.320232', 'user': 'user2', 'action': 'action2', 'endpoint': '/endpoint2', 'method': 'POST', 'status_code': 200, 'details': {}}
{'timestamp': '2026-04-26T07:43:51.320232', 'user': 'user3', 'action': 'action3', 'endpoint': '/endpoint3', 'method': 'POST', 'status_code': 200, 'details': {}}
{'timestamp': '2026-04-26T07:43:51.322973', 'user': 'user4', 'action': 'action4', 'endpoint': '/endpoint4', 'method': 'POST', 'status_code': 200, 'details': {}}
{'timestamp': '2026-04-26T07:44:11.339898', 'user': 'test_agent', 'action': 'reset_environment', 'endpoint': '/reset', 'method': 'POST', 'status_code': 200, 'details': {'episode_id': 'ep_123'}}
{'timestamp': '2026-04-26T07:44:11.341919', 'user': 'user1', 'action': 'reset', 'endpoint': '/reset', 'method': 'POST', 'status_code': 200, 'details': {}}
{'timestamp': '2026-04-26T07:44:11.343933', 'user': 'user2', 'action': 'step', 'endpoint': '/step', 'method': 'POST', 'status_code': 200, 'details': {}}
{'timestamp': '2026-04-26T07:44:11.344562', 'user': 'user1', 'action': 'state', 'endpoint': '/state', 'method': 'GET', 'status_code': 200, 'details': {}}
{'timestamp': '2026-04-26T07:44:11.344562', 'user': 'user0', 'action': 'action0', 'endpoint': '/endpoint0', 'method': 'POST', 'status_code': 200, 'details': {}}
{'timestamp': '2026-04-26T07:44:11.344562', 'user': 'user1', 'action': 'action1', 'endpoint': '/endpoint1', 'method': 'POST', 'status_code': 200, 'details': {}}
{'timestamp': '2026-04-26T07:44:11.344562', 'user': 'user2', 'action': 'action2', 'endpoint': '/endpoint2', 'method': 'POST', 'status_code': 200, 'details': {}}
{'timestamp': '2026-04-26T07:44:11.344562', 'user': 'user3', 'action': 'action3', 'endpoint': '/endpoint3', 'method': 'POST', 'status_code': 200, 'details': {}}
{'timestamp': '2026-04-26T07:44:11.344562', 'user': 'user4', 'action': 'action4', 'endpoint': '/endpoint4', 'method': 'POST', 'status_code': 200, 'details': {}}
